Build started 18.12.2017 9:06:05.
     1>Project "D:\JustAnotherGame\JustAnotherGameProj\JustAnotherGameProj\JustAnotherGameProj.vcxproj" on node 2 (Build target(s)).
     1>ClCompile:
         D:\VS13\VC\bin\CL.exe /c /I"D:\JustAnotherGame\Libs\SFML-2.4.2\include" /I.\ /Zi /nologo /W3 /WX- /O2 /Oi /Oy- /GL /D WIN32 /D NDEBUG /D _CONSOLE /D _LIB /D _UNICODE /D UNICODE /Gm- /EHsc /MD /GS /Gy /fp:precise /Zc:wchar_t /Zc:forScope /Fo"Release\\" /Fd"Release\vc120.pdb" /Gd /TP /analyze- /errorReport:prompt Level.cpp main.cpp
         Level.cpp
     1>Level.cpp(13): warning C4244: 'return' : conversion from 'double' to 'float', possible loss of data
     1>Level.cpp(106): warning C4244: 'initializing' : conversion from 'double' to 'float', possible loss of data
     1>Level.cpp(107): warning C4244: '=' : conversion from 'float' to 'int', possible loss of data
     1>Level.cpp(153): warning C4244: 'argument' : conversion from 'int' to 'float', possible loss of data
     1>Level.cpp(226): warning C4244: 'argument' : conversion from 'int' to 'float', possible loss of data
     1>Level.cpp(296): warning C4018: '<' : signed/unsigned mismatch
     1>Level.cpp(307): warning C4018: '<' : signed/unsigned mismatch
     1>Level.cpp(322): warning C4018: '<' : signed/unsigned mismatch
     1>Level.cpp(324): warning C4018: '<' : signed/unsigned mismatch
         main.cpp
       Link:
         D:\VS13\VC\bin\link.exe /ERRORREPORT:PROMPT /OUT:"D:\JustAnotherGame\JustAnotherGameProj\Release\JustAnotherGameProj.exe" /INCREMENTAL:NO /NOLOGO /LIBPATH:"D:\JustAnotherGame\Libs\SFML-2.4.2\lib" /LIBPATH:.\lib "sfml-graphics.lib" "sfml-window.lib" "sfml-system.lib" Box2D.lib kernel32.lib user32.lib gdi32.lib winspool.lib comdlg32.lib advapi32.lib shell32.lib ole32.lib oleaut32.lib uuid.lib odbc32.lib odbccp32.lib kernel32.lib user32.lib gdi32.lib winspool.lib comdlg32.lib advapi32.lib shell32.lib ole32.lib oleaut32.lib uuid.lib odbc32.lib odbccp32.lib /MANIFEST /MANIFESTUAC:"level='asInvoker' uiAccess='false'" /manifest:embed /DEBUG /PDB:"D:\JustAnotherGame\JustAnotherGameProj\Release\JustAnotherGameProj.pdb" /SUBSYSTEM:CONSOLE /OPT:REF /OPT:ICF /LTCG /TLBID:1 /DYNAMICBASE /NXCOMPAT /IMPLIB:"D:\JustAnotherGame\JustAnotherGameProj\Release\JustAnotherGameProj.lib" /MACHINE:X86 /SAFESEH Release\Level.obj
         Release\main.obj
         Release\tinystr.obj
         Release\tinyxml.obj
         Release\tinyxmlerror.obj
         Release\tinyxmlparser.obj
         Generating code
         Finished generating code
         JustAnotherGameProj.vcxproj -> D:\JustAnotherGame\JustAnotherGameProj\Release\JustAnotherGameProj.exe
     1>Done Building Project "D:\JustAnotherGame\JustAnotherGameProj\JustAnotherGameProj\JustAnotherGameProj.vcxproj" (Build target(s)).

Build succeeded.

Time Elapsed 00:00:01.84
